app/build/intermediates/manifest_merge_blame_file/debug/manifest-merger-blame-debug-report.txt
1<?xml version="1.0" encoding="utf-8"?>
2<manifest xmlns:android="http://schemas.android.com/apk/res/android"
3    package="com.example.myapplication"
4    android:versionCode="1"
5    android:versionName="1.0" >
6
7    <uses-sdk
8        android:minSdkVersion="21"
8-->src\main\AndroidManifest.xml
9        android:targetSdkVersion="30" />
9-->src\main\AndroidManifest.xml
10
11    <uses-permission android:name="android.permission.INTERNET" />
11-->src\main\AndroidManifest.xml:5:5-67
11-->src\main\AndroidManifest.xml:5:22-64
12    <uses-permission android:name="android.permission.READ_EXTERNAL_STORAGE" />
12-->src\main\AndroidManifest.xml:6:5-79
12-->src\main\AndroidManifest.xml:6:22-77
13    <uses-permission android:name="android.permission.WRITE_EXTERNAL_STORAGE" />
13-->src\main\AndroidManifest.xml:7:5-80
13-->src\main\AndroidManifest.xml:7:22-78
14
15    <application
15-->src\main\AndroidManifest.xml:9:5-37:19
16        android:allowBackup="true"
16-->src\main\AndroidManifest.xml:10:9-35
17        android:appComponentFactory="androidx.core.app.CoreComponentFactory"
17-->[androidx.core:core:1.3.2] AndroidManifest.xml:24:18-86
18        android:debuggable="true"
19        android:icon="@mipmap/ic_launcher"
19-->src\main\AndroidManifest.xml:11:9-43
20        android:label="@string/app_name"
20-->src\main\AndroidManifest.xml:12:9-41
21        android:roundIcon="@mipmap/ic_launcher_round"
21-->src\main\AndroidManifest.xml:13:9-54
22        android:supportsRtl="true"
22-->src\main\AndroidManifest.xml:14:9-35
23        android:testOnly="true"
24        android:theme="@style/AppTheme" >
24-->src\main\AndroidManifest.xml:15:9-40
25        <activity
25-->src\main\AndroidManifest.xml:16:9-25:20
26            android:name="com.example.myapplication.MainActivity"
26-->src\main\AndroidManifest.xml:17:13-41
27            android:label="@string/app_name"
27-->src\main\AndroidManifest.xml:18:13-45
28            android:theme="@style/AppTheme.NoActionBar" >
28-->src\main\AndroidManifest.xml:19:13-56
29            <intent-filter>
29-->src\main\AndroidManifest.xml:20:13-24:29
30                <action android:name="android.intent.action.MAIN" />
30-->src\main\AndroidManifest.xml:21:17-69
30-->src\main\AndroidManifest.xml:21:25-66
31
32                <category android:name="android.intent.category.LAUNCHER" />
32-->src\main\AndroidManifest.xml:23:17-77
32-->src\main\AndroidManifest.xml:23:27-74
33            </intent-filter>
34        </activity>
35        <activity
35-->src\main\AndroidManifest.xml:26:9-30:20
36            android:name="com.example.myapplication.PermissionChecker"
36-->src\main\AndroidManifest.xml:27:13-46
37            android:label="@string/app_name"
37-->src\main\AndroidManifest.xml:28:13-45
38            android:theme="@style/AppTheme.NoActionBar" >
38-->src\main\AndroidManifest.xml:29:13-56
39        </activity>
40        <activity
40-->src\main\AndroidManifest.xml:31:9-35:20
41            android:name="com.theartofdev.edmodo.cropper.CropImageActivity"
41-->src\main\AndroidManifest.xml:32:13-76
42            android:label="@string/app_name"
42-->src\main\AndroidManifest.xml:33:13-45
43            android:theme="@style/AppTheme" >
43-->src\main\AndroidManifest.xml:34:13-44
44        </activity>
45    </application>
46
47</manifest>